==============================================================================
TagsDemo                                                                      
==============================================================================
TagsDemo.TC02 tagsDemo                                                        
==============================================================================
TC04                                                                  Payment
| PASS |
------------------------------------------------------------------------------
TC05                                                                  OTP
| PASS |
------------------------------------------------------------------------------
TC06                                                                  Summery
| PASS |
------------------------------------------------------------------------------
TagsDemo.TC02 tagsDemo                                                | PASS |
3 tests, 3 passed, 0 failed
==============================================================================
TagsDemo                                                              | PASS |
3 tests, 3 passed, 0 failed
==============================================================================
Output:  C:\Users\Hima Bindu-2574\PycharmProjects\Hima\Result\pabot_results\1\output.xml
