==============================================================================
TagsDemo                                                                      
==============================================================================
TagsDemo.TC01 tags                                                            
==============================================================================
TC01                                                                  Loggin application
| PASS |
------------------------------------------------------------------------------
TC02                                                                  Logout application
| PASS |
------------------------------------------------------------------------------
TC03                                                                  Add user application
| PASS |
------------------------------------------------------------------------------
TagsDemo.TC01 tags                                                    | PASS |
3 tests, 3 passed, 0 failed
==============================================================================
TagsDemo                                                              | PASS |
3 tests, 3 passed, 0 failed
==============================================================================
Output:  C:\Users\Hima Bindu-2574\PycharmProjects\Hima\Result\pabot_results\0\output.xml
